mode: set
github.com/mlibanori/go-netdicom/dimse/cechorq.go:17.45,20.16 3 0
github.com/mlibanori/go-netdicom/dimse/cechorq.go:20.16,22.3 1 0
github.com/mlibanori/go-netdicom/dimse/cechorq.go:23.2,26.16 3 0
github.com/mlibanori/go-netdicom/dimse/cechorq.go:26.16,28.3 1 0
github.com/mlibanori/go-netdicom/dimse/cechorq.go:29.2,32.16 3 0
github.com/mlibanori/go-netdicom/dimse/cechorq.go:32.16,34.3 1 0
github.com/mlibanori/go-netdicom/dimse/cechorq.go:35.2,37.49 3 0
github.com/mlibanori/go-netdicom/dimse/cechorq.go:37.49,39.3 1 0
github.com/mlibanori/go-netdicom/dimse/cechorq.go:40.2,40.12 1 0
github.com/mlibanori/go-netdicom/dimse/cechorq.go:43.34,45.2 1 0
github.com/mlibanori/go-netdicom/dimse/cechorq.go:47.41,49.2 1 0
github.com/mlibanori/go-netdicom/dimse/cechorq.go:51.44,53.2 1 0
github.com/mlibanori/go-netdicom/dimse/cechorq.go:55.39,57.2 1 0
github.com/mlibanori/go-netdicom/dimse/cechorq.go:59.35,61.2 1 0
github.com/mlibanori/go-netdicom/dimse/cechorq.go:63.60,67.16 4 0
github.com/mlibanori/go-netdicom/dimse/cechorq.go:67.16,69.3 1 0
github.com/mlibanori/go-netdicom/dimse/cechorq.go:71.2,72.16 2 0
github.com/mlibanori/go-netdicom/dimse/cechorq.go:72.16,74.3 1 0
github.com/mlibanori/go-netdicom/dimse/cechorq.go:75.2,76.15 2 0
github.com/mlibanori/go-netdicom/dimse/cechorsp.go:18.46,22.16 3 0
github.com/mlibanori/go-netdicom/dimse/cechorsp.go:22.16,24.3 1 0
github.com/mlibanori/go-netdicom/dimse/cechorsp.go:25.2,28.16 3 0
github.com/mlibanori/go-netdicom/dimse/cechorsp.go:28.16,30.3 1 0
github.com/mlibanori/go-netdicom/dimse/cechorsp.go:31.2,34.16 3 0
github.com/mlibanori/go-netdicom/dimse/cechorsp.go:34.16,36.3 1 0
github.com/mlibanori/go-netdicom/dimse/cechorsp.go:37.2,40.16 3 0
github.com/mlibanori/go-netdicom/dimse/cechorsp.go:40.16,42.3 1 0
github.com/mlibanori/go-netdicom/dimse/cechorsp.go:43.2,47.49 3 0
github.com/mlibanori/go-netdicom/dimse/cechorsp.go:47.49,49.3 1 0
github.com/mlibanori/go-netdicom/dimse/cechorsp.go:51.2,51.12 1 0
github.com/mlibanori/go-netdicom/dimse/cechorsp.go:54.35,56.2 1 0
github.com/mlibanori/go-netdicom/dimse/cechorsp.go:58.42,60.2 1 0
github.com/mlibanori/go-netdicom/dimse/cechorsp.go:62.45,64.2 1 0
github.com/mlibanori/go-netdicom/dimse/cechorsp.go:66.40,68.2 1 0
github.com/mlibanori/go-netdicom/dimse/cechorsp.go:70.36,72.2 1 0
github.com/mlibanori/go-netdicom/dimse/cechorsp.go:74.62,79.16 4 0
github.com/mlibanori/go-netdicom/dimse/cechorsp.go:79.16,81.3 1 0
github.com/mlibanori/go-netdicom/dimse/cechorsp.go:83.2,84.16 2 0
github.com/mlibanori/go-netdicom/dimse/cechorsp.go:84.16,86.3 1 0
github.com/mlibanori/go-netdicom/dimse/cechorsp.go:88.2,89.16 2 0
github.com/mlibanori/go-netdicom/dimse/cechorsp.go:89.16,91.3 1 0
github.com/mlibanori/go-netdicom/dimse/cechorsp.go:93.2,94.15 2 0
github.com/mlibanori/go-netdicom/dimse/cfindrq.go:19.45,23.16 3 0
github.com/mlibanori/go-netdicom/dimse/cfindrq.go:23.16,25.3 1 0
github.com/mlibanori/go-netdicom/dimse/cfindrq.go:26.2,29.16 3 0
github.com/mlibanori/go-netdicom/dimse/cfindrq.go:29.16,31.3 1 0
github.com/mlibanori/go-netdicom/dimse/cfindrq.go:32.2,35.16 3 0
github.com/mlibanori/go-netdicom/dimse/cfindrq.go:35.16,37.3 1 0
github.com/mlibanori/go-netdicom/dimse/cfindrq.go:38.2,41.16 3 0
github.com/mlibanori/go-netdicom/dimse/cfindrq.go:41.16,43.3 1 0
github.com/mlibanori/go-netdicom/dimse/cfindrq.go:44.2,47.16 3 0
github.com/mlibanori/go-netdicom/dimse/cfindrq.go:47.16,49.3 1 0
github.com/mlibanori/go-netdicom/dimse/cfindrq.go:50.2,54.49 3 0
github.com/mlibanori/go-netdicom/dimse/cfindrq.go:54.49,56.3 1 0
github.com/mlibanori/go-netdicom/dimse/cfindrq.go:58.2,58.12 1 0
github.com/mlibanori/go-netdicom/dimse/cfindrq.go:61.34,63.2 1 0
github.com/mlibanori/go-netdicom/dimse/cfindrq.go:65.41,67.2 1 0
github.com/mlibanori/go-netdicom/dimse/cfindrq.go:69.44,71.2 1 0
github.com/mlibanori/go-netdicom/dimse/cfindrq.go:73.39,75.2 1 0
github.com/mlibanori/go-netdicom/dimse/cfindrq.go:77.35,79.2 1 0
github.com/mlibanori/go-netdicom/dimse/cfindrq.go:81.60,86.16 4 0
github.com/mlibanori/go-netdicom/dimse/cfindrq.go:86.16,88.3 1 0
github.com/mlibanori/go-netdicom/dimse/cfindrq.go:90.2,91.16 2 0
github.com/mlibanori/go-netdicom/dimse/cfindrq.go:91.16,93.3 1 0
github.com/mlibanori/go-netdicom/dimse/cfindrq.go:95.2,96.16 2 0
github.com/mlibanori/go-netdicom/dimse/cfindrq.go:96.16,98.3 1 0
github.com/mlibanori/go-netdicom/dimse/cfindrq.go:100.2,101.16 2 0
github.com/mlibanori/go-netdicom/dimse/cfindrq.go:101.16,103.3 1 0
github.com/mlibanori/go-netdicom/dimse/cfindrq.go:105.2,106.15 2 0
github.com/mlibanori/go-netdicom/dimse/cfindrsp.go:19.46,23.16 3 0
github.com/mlibanori/go-netdicom/dimse/cfindrsp.go:23.16,25.3 1 0
github.com/mlibanori/go-netdicom/dimse/cfindrsp.go:26.2,29.16 3 0
github.com/mlibanori/go-netdicom/dimse/cfindrsp.go:29.16,31.3 1 0
github.com/mlibanori/go-netdicom/dimse/cfindrsp.go:32.2,35.16 3 0
github.com/mlibanori/go-netdicom/dimse/cfindrsp.go:35.16,37.3 1 0
github.com/mlibanori/go-netdicom/dimse/cfindrsp.go:38.2,41.16 3 0
github.com/mlibanori/go-netdicom/dimse/cfindrsp.go:41.16,43.3 1 0
github.com/mlibanori/go-netdicom/dimse/cfindrsp.go:44.2,47.16 3 0
github.com/mlibanori/go-netdicom/dimse/cfindrsp.go:47.16,49.3 1 0
github.com/mlibanori/go-netdicom/dimse/cfindrsp.go:50.2,54.49 3 0
github.com/mlibanori/go-netdicom/dimse/cfindrsp.go:54.49,56.3 1 0
github.com/mlibanori/go-netdicom/dimse/cfindrsp.go:57.2,57.12 1 0
github.com/mlibanori/go-netdicom/dimse/cfindrsp.go:60.35,62.2 1 0
github.com/mlibanori/go-netdicom/dimse/cfindrsp.go:64.42,66.2 1 0
github.com/mlibanori/go-netdicom/dimse/cfindrsp.go:68.45,70.2 1 0
github.com/mlibanori/go-netdicom/dimse/cfindrsp.go:72.40,74.2 1 0
github.com/mlibanori/go-netdicom/dimse/cfindrsp.go:76.36,78.2 1 0
github.com/mlibanori/go-netdicom/dimse/cfindrsp.go:80.62,85.16 4 0
github.com/mlibanori/go-netdicom/dimse/cfindrsp.go:85.16,87.3 1 0
github.com/mlibanori/go-netdicom/dimse/cfindrsp.go:89.2,90.16 2 0
github.com/mlibanori/go-netdicom/dimse/cfindrsp.go:90.16,92.3 1 0
github.com/mlibanori/go-netdicom/dimse/cfindrsp.go:94.2,95.16 2 0
github.com/mlibanori/go-netdicom/dimse/cfindrsp.go:95.16,97.3 1 0
github.com/mlibanori/go-netdicom/dimse/cfindrsp.go:99.2,100.16 2 0
github.com/mlibanori/go-netdicom/dimse/cfindrsp.go:100.16,102.3 1 0
github.com/mlibanori/go-netdicom/dimse/cfindrsp.go:104.2,105.15 2 0
github.com/mlibanori/go-netdicom/dimse/cgetrq.go:19.44,23.16 3 0
github.com/mlibanori/go-netdicom/dimse/cgetrq.go:23.16,25.3 1 0
github.com/mlibanori/go-netdicom/dimse/cgetrq.go:26.2,29.16 3 0
github.com/mlibanori/go-netdicom/dimse/cgetrq.go:29.16,31.3 1 0
github.com/mlibanori/go-netdicom/dimse/cgetrq.go:32.2,35.16 3 0
github.com/mlibanori/go-netdicom/dimse/cgetrq.go:35.16,37.3 1 0
github.com/mlibanori/go-netdicom/dimse/cgetrq.go:38.2,41.16 3 0
github.com/mlibanori/go-netdicom/dimse/cgetrq.go:41.16,43.3 1 0
github.com/mlibanori/go-netdicom/dimse/cgetrq.go:44.2,47.16 3 0
github.com/mlibanori/go-netdicom/dimse/cgetrq.go:47.16,49.3 1 0
github.com/mlibanori/go-netdicom/dimse/cgetrq.go:50.2,54.49 3 0
github.com/mlibanori/go-netdicom/dimse/cgetrq.go:54.49,56.3 1 0
github.com/mlibanori/go-netdicom/dimse/cgetrq.go:57.2,57.12 1 0
github.com/mlibanori/go-netdicom/dimse/cgetrq.go:60.33,62.2 1 0
github.com/mlibanori/go-netdicom/dimse/cgetrq.go:64.40,66.2 1 0
github.com/mlibanori/go-netdicom/dimse/cgetrq.go:68.43,70.2 1 0
github.com/mlibanori/go-netdicom/dimse/cgetrq.go:72.38,74.2 1 0
github.com/mlibanori/go-netdicom/dimse/cgetrq.go:76.34,78.2 1 0
github.com/mlibanori/go-netdicom/dimse/cgetrq.go:80.58,85.16 4 0
github.com/mlibanori/go-netdicom/dimse/cgetrq.go:85.16,87.3 1 0
github.com/mlibanori/go-netdicom/dimse/cgetrq.go:89.2,90.16 2 0
github.com/mlibanori/go-netdicom/dimse/cgetrq.go:90.16,92.3 1 0
github.com/mlibanori/go-netdicom/dimse/cgetrq.go:94.2,95.16 2 0
github.com/mlibanori/go-netdicom/dimse/cgetrq.go:95.16,97.3 1 0
github.com/mlibanori/go-netdicom/dimse/cgetrq.go:99.2,100.16 2 0
github.com/mlibanori/go-netdicom/dimse/cgetrq.go:100.16,102.3 1 0
github.com/mlibanori/go-netdicom/dimse/cgetrq.go:104.2,105.15 2 0
github.com/mlibanori/go-netdicom/dimse/cgetrsp.go:23.45,27.16 3 0
github.com/mlibanori/go-netdicom/dimse/cgetrsp.go:27.16,29.3 1 0
github.com/mlibanori/go-netdicom/dimse/cgetrsp.go:30.2,33.16 3 0
github.com/mlibanori/go-netdicom/dimse/cgetrsp.go:33.16,35.3 1 0
github.com/mlibanori/go-netdicom/dimse/cgetrsp.go:36.2,39.16 3 0
github.com/mlibanori/go-netdicom/dimse/cgetrsp.go:39.16,41.3 1 0
github.com/mlibanori/go-netdicom/dimse/cgetrsp.go:42.2,45.16 3 0
github.com/mlibanori/go-netdicom/dimse/cgetrsp.go:45.16,47.3 1 0
github.com/mlibanori/go-netdicom/dimse/cgetrsp.go:48.2,50.43 2 0
github.com/mlibanori/go-netdicom/dimse/cgetrsp.go:50.43,52.17 2 0
github.com/mlibanori/go-netdicom/dimse/cgetrsp.go:52.17,54.4 1 0
github.com/mlibanori/go-netdicom/dimse/cgetrsp.go:55.3,55.30 1 0
github.com/mlibanori/go-netdicom/dimse/cgetrsp.go:58.2,58.43 1 0
github.com/mlibanori/go-netdicom/dimse/cgetrsp.go:58.43,60.17 2 0
github.com/mlibanori/go-netdicom/dimse/cgetrsp.go:60.17,62.4 1 0
github.com/mlibanori/go-netdicom/dimse/cgetrsp.go:63.3,63.30 1 0
github.com/mlibanori/go-netdicom/dimse/cgetrsp.go:66.2,66.40 1 0
github.com/mlibanori/go-netdicom/dimse/cgetrsp.go:66.40,68.17 2 0
github.com/mlibanori/go-netdicom/dimse/cgetrsp.go:68.17,70.4 1 0
github.com/mlibanori/go-netdicom/dimse/cgetrsp.go:71.3,71.30 1 0
github.com/mlibanori/go-netdicom/dimse/cgetrsp.go:74.2,74.41 1 0
github.com/mlibanori/go-netdicom/dimse/cgetrsp.go:74.41,76.17 2 0
github.com/mlibanori/go-netdicom/dimse/cgetrsp.go:76.17,78.4 1 0
github.com/mlibanori/go-netdicom/dimse/cgetrsp.go:79.3,79.30 1 0
github.com/mlibanori/go-netdicom/dimse/cgetrsp.go:82.2,83.16 2 0
github.com/mlibanori/go-netdicom/dimse/cgetrsp.go:83.16,85.3 1 0
github.com/mlibanori/go-netdicom/dimse/cgetrsp.go:86.2,90.49 3 0
github.com/mlibanori/go-netdicom/dimse/cgetrsp.go:90.49,92.3 1 0
github.com/mlibanori/go-netdicom/dimse/cgetrsp.go:94.2,94.12 1 0
github.com/mlibanori/go-netdicom/dimse/cgetrsp.go:97.34,99.2 1 0
github.com/mlibanori/go-netdicom/dimse/cgetrsp.go:101.41,103.2 1 0
github.com/mlibanori/go-netdicom/dimse/cgetrsp.go:105.44,107.2 1 0
github.com/mlibanori/go-netdicom/dimse/cgetrsp.go:109.39,111.2 1 0
github.com/mlibanori/go-netdicom/dimse/cgetrsp.go:113.35,115.2 1 0
github.com/mlibanori/go-netdicom/dimse/cgetrsp.go:117.60,122.16 4 0
github.com/mlibanori/go-netdicom/dimse/cgetrsp.go:122.16,124.3 1 0
github.com/mlibanori/go-netdicom/dimse/cgetrsp.go:126.2,127.16 2 0
github.com/mlibanori/go-netdicom/dimse/cgetrsp.go:127.16,129.3 1 0
github.com/mlibanori/go-netdicom/dimse/cgetrsp.go:131.2,132.16 2 0
github.com/mlibanori/go-netdicom/dimse/cgetrsp.go:132.16,134.3 1 0
github.com/mlibanori/go-netdicom/dimse/cgetrsp.go:136.2,137.16 2 0
github.com/mlibanori/go-netdicom/dimse/cgetrsp.go:137.16,139.3 1 0
github.com/mlibanori/go-netdicom/dimse/cgetrsp.go:141.2,142.16 2 0
github.com/mlibanori/go-netdicom/dimse/cgetrsp.go:142.16,144.3 1 0
github.com/mlibanori/go-netdicom/dimse/cgetrsp.go:146.2,147.16 2 0
github.com/mlibanori/go-netdicom/dimse/cgetrsp.go:147.16,149.3 1 0
github.com/mlibanori/go-netdicom/dimse/cgetrsp.go:151.2,152.16 2 0
github.com/mlibanori/go-netdicom/dimse/cgetrsp.go:152.16,154.3 1 0
github.com/mlibanori/go-netdicom/dimse/cgetrsp.go:156.2,157.16 2 0
github.com/mlibanori/go-netdicom/dimse/cgetrsp.go:157.16,159.3 1 0
github.com/mlibanori/go-netdicom/dimse/cgetrsp.go:161.2,162.15 2 0
github.com/mlibanori/go-netdicom/dimse/cmoverq.go:20.45,24.16 3 0
github.com/mlibanori/go-netdicom/dimse/cmoverq.go:24.16,26.3 1 0
github.com/mlibanori/go-netdicom/dimse/cmoverq.go:27.2,30.16 3 0
github.com/mlibanori/go-netdicom/dimse/cmoverq.go:30.16,32.3 1 0
github.com/mlibanori/go-netdicom/dimse/cmoverq.go:33.2,36.16 3 0
github.com/mlibanori/go-netdicom/dimse/cmoverq.go:36.16,38.3 1 0
github.com/mlibanori/go-netdicom/dimse/cmoverq.go:39.2,42.16 3 0
github.com/mlibanori/go-netdicom/dimse/cmoverq.go:42.16,44.3 1 0
github.com/mlibanori/go-netdicom/dimse/cmoverq.go:45.2,48.16 3 0
github.com/mlibanori/go-netdicom/dimse/cmoverq.go:48.16,50.3 1 0
github.com/mlibanori/go-netdicom/dimse/cmoverq.go:51.2,54.16 3 0
github.com/mlibanori/go-netdicom/dimse/cmoverq.go:54.16,56.3 1 0
github.com/mlibanori/go-netdicom/dimse/cmoverq.go:57.2,61.49 3 0
github.com/mlibanori/go-netdicom/dimse/cmoverq.go:61.49,63.3 1 0
github.com/mlibanori/go-netdicom/dimse/cmoverq.go:64.2,64.12 1 0
github.com/mlibanori/go-netdicom/dimse/cmoverq.go:67.34,69.2 1 0
github.com/mlibanori/go-netdicom/dimse/cmoverq.go:71.41,73.2 1 0
github.com/mlibanori/go-netdicom/dimse/cmoverq.go:75.44,77.2 1 0
github.com/mlibanori/go-netdicom/dimse/cmoverq.go:79.39,81.2 1 0
github.com/mlibanori/go-netdicom/dimse/cmoverq.go:83.35,85.2 1 0
github.com/mlibanori/go-netdicom/dimse/cmoverq.go:87.60,92.16 4 0
github.com/mlibanori/go-netdicom/dimse/cmoverq.go:92.16,94.3 1 0
github.com/mlibanori/go-netdicom/dimse/cmoverq.go:96.2,97.16 2 0
github.com/mlibanori/go-netdicom/dimse/cmoverq.go:97.16,99.3 1 0
github.com/mlibanori/go-netdicom/dimse/cmoverq.go:101.2,102.16 2 0
github.com/mlibanori/go-netdicom/dimse/cmoverq.go:102.16,104.3 1 0
github.com/mlibanori/go-netdicom/dimse/cmoverq.go:106.2,107.16 2 0
github.com/mlibanori/go-netdicom/dimse/cmoverq.go:107.16,109.3 1 0
github.com/mlibanori/go-netdicom/dimse/cmoverq.go:111.2,112.16 2 0
github.com/mlibanori/go-netdicom/dimse/cmoverq.go:112.16,114.3 1 0
github.com/mlibanori/go-netdicom/dimse/cmoverq.go:116.2,117.15 2 0
github.com/mlibanori/go-netdicom/dimse/cmoversp.go:23.46,27.16 3 0
github.com/mlibanori/go-netdicom/dimse/cmoversp.go:27.16,29.3 1 0
github.com/mlibanori/go-netdicom/dimse/cmoversp.go:30.2,33.16 3 0
github.com/mlibanori/go-netdicom/dimse/cmoversp.go:33.16,35.3 1 0
github.com/mlibanori/go-netdicom/dimse/cmoversp.go:36.2,39.16 3 0
github.com/mlibanori/go-netdicom/dimse/cmoversp.go:39.16,41.3 1 0
github.com/mlibanori/go-netdicom/dimse/cmoversp.go:42.2,45.16 3 0
github.com/mlibanori/go-netdicom/dimse/cmoversp.go:45.16,47.3 1 0
github.com/mlibanori/go-netdicom/dimse/cmoversp.go:48.2,50.43 2 0
github.com/mlibanori/go-netdicom/dimse/cmoversp.go:50.43,52.17 2 0
github.com/mlibanori/go-netdicom/dimse/cmoversp.go:52.17,54.4 1 0
github.com/mlibanori/go-netdicom/dimse/cmoversp.go:55.3,55.30 1 0
github.com/mlibanori/go-netdicom/dimse/cmoversp.go:58.2,58.43 1 0
github.com/mlibanori/go-netdicom/dimse/cmoversp.go:58.43,60.17 2 0
github.com/mlibanori/go-netdicom/dimse/cmoversp.go:60.17,62.4 1 0
github.com/mlibanori/go-netdicom/dimse/cmoversp.go:63.3,63.30 1 0
github.com/mlibanori/go-netdicom/dimse/cmoversp.go:66.2,66.40 1 0
github.com/mlibanori/go-netdicom/dimse/cmoversp.go:66.40,68.17 2 0
github.com/mlibanori/go-netdicom/dimse/cmoversp.go:68.17,70.4 1 0
github.com/mlibanori/go-netdicom/dimse/cmoversp.go:71.3,71.30 1 0
github.com/mlibanori/go-netdicom/dimse/cmoversp.go:74.2,74.41 1 0
github.com/mlibanori/go-netdicom/dimse/cmoversp.go:74.41,76.17 2 0
github.com/mlibanori/go-netdicom/dimse/cmoversp.go:76.17,78.4 1 0
github.com/mlibanori/go-netdicom/dimse/cmoversp.go:79.3,79.30 1 0
github.com/mlibanori/go-netdicom/dimse/cmoversp.go:82.2,83.16 2 0
github.com/mlibanori/go-netdicom/dimse/cmoversp.go:83.16,85.3 1 0
github.com/mlibanori/go-netdicom/dimse/cmoversp.go:86.2,90.49 3 0
github.com/mlibanori/go-netdicom/dimse/cmoversp.go:90.49,92.3 1 0
github.com/mlibanori/go-netdicom/dimse/cmoversp.go:94.2,94.12 1 0
github.com/mlibanori/go-netdicom/dimse/cmoversp.go:97.35,99.2 1 0
github.com/mlibanori/go-netdicom/dimse/cmoversp.go:101.42,103.2 1 0
github.com/mlibanori/go-netdicom/dimse/cmoversp.go:105.45,107.2 1 0
github.com/mlibanori/go-netdicom/dimse/cmoversp.go:109.40,111.2 1 0
github.com/mlibanori/go-netdicom/dimse/cmoversp.go:113.36,115.2 1 0
github.com/mlibanori/go-netdicom/dimse/cmoversp.go:117.62,122.16 4 0
github.com/mlibanori/go-netdicom/dimse/cmoversp.go:122.16,124.3 1 0
github.com/mlibanori/go-netdicom/dimse/cmoversp.go:126.2,127.16 2 0
github.com/mlibanori/go-netdicom/dimse/cmoversp.go:127.16,129.3 1 0
github.com/mlibanori/go-netdicom/dimse/cmoversp.go:131.2,132.16 2 0
github.com/mlibanori/go-netdicom/dimse/cmoversp.go:132.16,134.3 1 0
github.com/mlibanori/go-netdicom/dimse/cmoversp.go:136.2,137.16 2 0
github.com/mlibanori/go-netdicom/dimse/cmoversp.go:137.16,139.3 1 0
github.com/mlibanori/go-netdicom/dimse/cmoversp.go:141.2,142.16 2 0
github.com/mlibanori/go-netdicom/dimse/cmoversp.go:142.16,144.3 1 0
github.com/mlibanori/go-netdicom/dimse/cmoversp.go:146.2,147.16 2 0
github.com/mlibanori/go-netdicom/dimse/cmoversp.go:147.16,149.3 1 0
github.com/mlibanori/go-netdicom/dimse/cmoversp.go:151.2,152.16 2 0
github.com/mlibanori/go-netdicom/dimse/cmoversp.go:152.16,154.3 1 0
github.com/mlibanori/go-netdicom/dimse/cmoversp.go:156.2,157.16 2 0
github.com/mlibanori/go-netdicom/dimse/cmoversp.go:157.16,159.3 1 0
github.com/mlibanori/go-netdicom/dimse/cmoversp.go:161.2,162.15 2 0
github.com/mlibanori/go-netdicom/dimse/command.go:15.50,17.2 1 1
github.com/mlibanori/go-netdicom/dimse/command.go:19.55,24.26 3 1
github.com/mlibanori/go-netdicom/dimse/command.go:24.26,27.3 2 1
github.com/mlibanori/go-netdicom/dimse/command.go:30.2,31.16 2 1
github.com/mlibanori/go-netdicom/dimse/command.go:31.16,33.3 1 0
github.com/mlibanori/go-netdicom/dimse/command.go:34.2,38.12 3 1
github.com/mlibanori/go-netdicom/dimse/command.go:41.37,46.16 4 1
github.com/mlibanori/go-netdicom/dimse/command.go:46.16,48.3 1 0
github.com/mlibanori/go-netdicom/dimse/command.go:50.2,50.28 1 1
github.com/mlibanori/go-netdicom/dimse/command.go:53.39,57.26 3 1
github.com/mlibanori/go-netdicom/dimse/command.go:57.26,59.3 1 1
github.com/mlibanori/go-netdicom/dimse/command.go:61.2,61.12 1 0
github.com/mlibanori/go-netdicom/dimse/command.go:64.46,68.26 3 1
github.com/mlibanori/go-netdicom/dimse/command.go:68.26,70.17 2 1
github.com/mlibanori/go-netdicom/dimse/command.go:70.17,72.4 1 0
github.com/mlibanori/go-netdicom/dimse/command.go:74.3,74.20 1 1
github.com/mlibanori/go-netdicom/dimse/command.go:77.2,77.63 1 1
github.com/mlibanori/go-netdicom/dimse/command.go:77.63,79.3 1 0
github.com/mlibanori/go-netdicom/dimse/command.go:81.2,81.22 1 1
github.com/mlibanori/go-netdicom/dimse/command_assembler.go:27.103,28.33 1 1
github.com/mlibanori/go-netdicom/dimse/command_assembler.go:28.33,29.38 1 1
github.com/mlibanori/go-netdicom/dimse/command_assembler.go:29.38,31.4 1 1
github.com/mlibanori/go-netdicom/dimse/command_assembler.go:31.9,31.58 1 1
github.com/mlibanori/go-netdicom/dimse/command_assembler.go:31.58,33.4 1 1
github.com/mlibanori/go-netdicom/dimse/command_assembler.go:34.3,34.19 1 1
github.com/mlibanori/go-netdicom/dimse/command_assembler.go:34.19,36.17 2 1
github.com/mlibanori/go-netdicom/dimse/command_assembler.go:36.17,37.40 1 1
github.com/mlibanori/go-netdicom/dimse/command_assembler.go:37.40,39.6 1 0
github.com/mlibanori/go-netdicom/dimse/command_assembler.go:40.5,40.43 1 1
github.com/mlibanori/go-netdicom/dimse/command_assembler.go:42.9,44.17 2 1
github.com/mlibanori/go-netdicom/dimse/command_assembler.go:44.17,45.37 1 1
github.com/mlibanori/go-netdicom/dimse/command_assembler.go:45.37,47.6 1 1
github.com/mlibanori/go-netdicom/dimse/command_assembler.go:48.5,48.40 1 1
github.com/mlibanori/go-netdicom/dimse/command_assembler.go:52.2,52.38 1 1
github.com/mlibanori/go-netdicom/dimse/command_assembler.go:52.38,54.3 1 1
github.com/mlibanori/go-netdicom/dimse/command_assembler.go:55.2,55.37 1 1
github.com/mlibanori/go-netdicom/dimse/command_assembler.go:55.37,58.17 3 1
github.com/mlibanori/go-netdicom/dimse/command_assembler.go:58.17,60.4 1 0
github.com/mlibanori/go-netdicom/dimse/command_assembler.go:61.3,62.17 2 1
github.com/mlibanori/go-netdicom/dimse/command_assembler.go:62.17,64.4 1 0
github.com/mlibanori/go-netdicom/dimse/command_assembler.go:66.2,66.73 1 1
github.com/mlibanori/go-netdicom/dimse/command_assembler.go:66.73,68.3 1 1
github.com/mlibanori/go-netdicom/dimse/command_assembler.go:69.2,73.43 5 1
github.com/mlibanori/go-netdicom/dimse/cstorerq.go:22.46,26.16 3 1
github.com/mlibanori/go-netdicom/dimse/cstorerq.go:26.16,28.3 1 0
github.com/mlibanori/go-netdicom/dimse/cstorerq.go:29.2,32.16 3 1
github.com/mlibanori/go-netdicom/dimse/cstorerq.go:32.16,34.3 1 0
github.com/mlibanori/go-netdicom/dimse/cstorerq.go:35.2,38.16 3 1
github.com/mlibanori/go-netdicom/dimse/cstorerq.go:38.16,40.3 1 0
github.com/mlibanori/go-netdicom/dimse/cstorerq.go:41.2,44.16 3 1
github.com/mlibanori/go-netdicom/dimse/cstorerq.go:44.16,46.3 1 0
github.com/mlibanori/go-netdicom/dimse/cstorerq.go:47.2,50.16 3 1
github.com/mlibanori/go-netdicom/dimse/cstorerq.go:50.16,52.3 1 0
github.com/mlibanori/go-netdicom/dimse/cstorerq.go:53.2,56.16 3 1
github.com/mlibanori/go-netdicom/dimse/cstorerq.go:56.16,58.3 1 0
github.com/mlibanori/go-netdicom/dimse/cstorerq.go:59.2,61.50 2 1
github.com/mlibanori/go-netdicom/dimse/cstorerq.go:61.50,63.17 2 0
github.com/mlibanori/go-netdicom/dimse/cstorerq.go:63.17,65.4 1 0
github.com/mlibanori/go-netdicom/dimse/cstorerq.go:66.3,66.30 1 0
github.com/mlibanori/go-netdicom/dimse/cstorerq.go:69.2,69.36 1 1
github.com/mlibanori/go-netdicom/dimse/cstorerq.go:69.36,71.17 2 0
github.com/mlibanori/go-netdicom/dimse/cstorerq.go:71.17,73.4 1 0
github.com/mlibanori/go-netdicom/dimse/cstorerq.go:74.3,74.30 1 0
github.com/mlibanori/go-netdicom/dimse/cstorerq.go:77.2,78.49 2 1
github.com/mlibanori/go-netdicom/dimse/cstorerq.go:78.49,80.3 1 0
github.com/mlibanori/go-netdicom/dimse/cstorerq.go:81.2,81.12 1 1
github.com/mlibanori/go-netdicom/dimse/cstorerq.go:84.35,86.2 1 1
github.com/mlibanori/go-netdicom/dimse/cstorerq.go:88.42,90.2 1 1
github.com/mlibanori/go-netdicom/dimse/cstorerq.go:92.45,94.2 1 0
github.com/mlibanori/go-netdicom/dimse/cstorerq.go:96.40,98.2 1 0
github.com/mlibanori/go-netdicom/dimse/cstorerq.go:100.36,102.2 1 0
github.com/mlibanori/go-netdicom/dimse/cstorerq.go:104.62,109.16 4 1
github.com/mlibanori/go-netdicom/dimse/cstorerq.go:109.16,111.3 1 0
github.com/mlibanori/go-netdicom/dimse/cstorerq.go:113.2,114.16 2 1
github.com/mlibanori/go-netdicom/dimse/cstorerq.go:114.16,116.3 1 0
github.com/mlibanori/go-netdicom/dimse/cstorerq.go:118.2,119.16 2 1
github.com/mlibanori/go-netdicom/dimse/cstorerq.go:119.16,121.3 1 0
github.com/mlibanori/go-netdicom/dimse/cstorerq.go:123.2,124.16 2 1
github.com/mlibanori/go-netdicom/dimse/cstorerq.go:124.16,126.3 1 0
github.com/mlibanori/go-netdicom/dimse/cstorerq.go:128.2,129.16 2 1
github.com/mlibanori/go-netdicom/dimse/cstorerq.go:129.16,131.3 1 0
github.com/mlibanori/go-netdicom/dimse/cstorerq.go:133.2,134.16 2 1
github.com/mlibanori/go-netdicom/dimse/cstorerq.go:134.16,136.3 1 0
github.com/mlibanori/go-netdicom/dimse/cstorerq.go:138.2,139.16 2 1
github.com/mlibanori/go-netdicom/dimse/cstorerq.go:139.16,141.3 1 0
github.com/mlibanori/go-netdicom/dimse/cstorerq.go:143.2,144.15 2 1
github.com/mlibanori/go-netdicom/dimse/cstorersp.go:20.47,24.16 3 0
github.com/mlibanori/go-netdicom/dimse/cstorersp.go:24.16,26.3 1 0
github.com/mlibanori/go-netdicom/dimse/cstorersp.go:27.2,30.16 3 0
github.com/mlibanori/go-netdicom/dimse/cstorersp.go:30.16,32.3 1 0
github.com/mlibanori/go-netdicom/dimse/cstorersp.go:33.2,36.16 3 0
github.com/mlibanori/go-netdicom/dimse/cstorersp.go:36.16,38.3 1 0
github.com/mlibanori/go-netdicom/dimse/cstorersp.go:39.2,42.16 3 0
github.com/mlibanori/go-netdicom/dimse/cstorersp.go:42.16,44.3 1 0
github.com/mlibanori/go-netdicom/dimse/cstorersp.go:45.2,48.16 3 0
github.com/mlibanori/go-netdicom/dimse/cstorersp.go:48.16,50.3 1 0
github.com/mlibanori/go-netdicom/dimse/cstorersp.go:51.2,54.16 3 0
github.com/mlibanori/go-netdicom/dimse/cstorersp.go:54.16,56.3 1 0
github.com/mlibanori/go-netdicom/dimse/cstorersp.go:57.2,61.49 3 0
github.com/mlibanori/go-netdicom/dimse/cstorersp.go:61.49,63.3 1 0
github.com/mlibanori/go-netdicom/dimse/cstorersp.go:64.2,64.12 1 0
github.com/mlibanori/go-netdicom/dimse/cstorersp.go:67.36,69.2 1 1
github.com/mlibanori/go-netdicom/dimse/cstorersp.go:71.43,73.2 1 1
github.com/mlibanori/go-netdicom/dimse/cstorersp.go:75.46,77.2 1 1
github.com/mlibanori/go-netdicom/dimse/cstorersp.go:79.41,81.2 1 1
github.com/mlibanori/go-netdicom/dimse/cstorersp.go:83.37,85.2 1 1
github.com/mlibanori/go-netdicom/dimse/cstorersp.go:87.64,92.16 4 0
github.com/mlibanori/go-netdicom/dimse/cstorersp.go:92.16,94.3 1 0
github.com/mlibanori/go-netdicom/dimse/cstorersp.go:96.2,97.16 2 0
github.com/mlibanori/go-netdicom/dimse/cstorersp.go:97.16,99.3 1 0
github.com/mlibanori/go-netdicom/dimse/cstorersp.go:101.2,102.16 2 0
github.com/mlibanori/go-netdicom/dimse/cstorersp.go:102.16,104.3 1 0
github.com/mlibanori/go-netdicom/dimse/cstorersp.go:106.2,107.16 2 0
github.com/mlibanori/go-netdicom/dimse/cstorersp.go:107.16,109.3 1 0
github.com/mlibanori/go-netdicom/dimse/cstorersp.go:111.2,112.16 2 0
github.com/mlibanori/go-netdicom/dimse/cstorersp.go:112.16,114.3 1 0
github.com/mlibanori/go-netdicom/dimse/cstorersp.go:116.2,117.15 2 0
github.com/mlibanori/go-netdicom/dimse/dimse.go:20.64,22.16 2 1
github.com/mlibanori/go-netdicom/dimse/dimse.go:22.16,24.3 1 0
github.com/mlibanori/go-netdicom/dimse/dimse.go:25.2,26.40 2 1
github.com/mlibanori/go-netdicom/dimse/dimse.go:26.40,28.3 1 1
github.com/mlibanori/go-netdicom/dimse/dimse.go:29.2,29.29 1 1
github.com/mlibanori/go-netdicom/dimse/dimse.go:29.29,30.51 1 1
github.com/mlibanori/go-netdicom/dimse/dimse.go:30.51,32.4 1 0
github.com/mlibanori/go-netdicom/dimse/dimse.go:35.2,35.12 1 1
github.com/mlibanori/go-netdicom/dimse/dimse.go:38.65,39.27 1 1
github.com/mlibanori/go-netdicom/dimse/dimse.go:40.14,41.44 1 1
github.com/mlibanori/go-netdicom/dimse/dimse.go:42.16,43.34 1 0
github.com/mlibanori/go-netdicom/dimse/dimse.go:44.11,45.41 1 1
github.com/mlibanori/go-netdicom/dimse/dimse.go:46.12,47.46 1 0
github.com/mlibanori/go-netdicom/dimse/dimse.go:48.13,49.46 1 0
github.com/mlibanori/go-netdicom/dimse/dimse.go:50.13,51.46 1 0
github.com/mlibanori/go-netdicom/dimse/dimse.go:52.14,53.46 1 1
github.com/mlibanori/go-netdicom/dimse/dimse.go:54.13,55.46 1 0
github.com/mlibanori/go-netdicom/dimse/dimse.go:56.14,57.46 1 0
github.com/mlibanori/go-netdicom/dimse/dimse.go:58.13,59.46 1 0
github.com/mlibanori/go-netdicom/dimse/dimse.go:60.10,61.83 1 0
github.com/mlibanori/go-netdicom/dimse/message.go:44.71,48.40 2 1
github.com/mlibanori/go-netdicom/dimse/message.go:48.40,51.3 2 1
github.com/mlibanori/go-netdicom/dimse/message.go:52.2,53.16 2 1
github.com/mlibanori/go-netdicom/dimse/message.go:53.16,55.3 1 0
github.com/mlibanori/go-netdicom/dimse/message.go:56.2,56.38 1 1
github.com/mlibanori/go-netdicom/dimse/message.go:60.52,62.16 2 1
github.com/mlibanori/go-netdicom/dimse/message.go:62.16,64.3 1 0
github.com/mlibanori/go-netdicom/dimse/message.go:65.2,66.52 2 1
github.com/mlibanori/go-netdicom/dimse/message.go:66.52,68.3 1 0
github.com/mlibanori/go-netdicom/dimse/message.go:70.2,72.16 3 1
github.com/mlibanori/go-netdicom/dimse/message.go:72.16,74.3 1 0
github.com/mlibanori/go-netdicom/dimse/message.go:75.2,77.12 3 1
github.com/mlibanori/go-netdicom/dimse/message_decoder.go:36.71,37.22 1 1
github.com/mlibanori/go-netdicom/dimse/message_decoder.go:38.28,39.30 1 1
github.com/mlibanori/go-netdicom/dimse/message_decoder.go:40.29,41.31 1 0
github.com/mlibanori/go-netdicom/dimse/message_decoder.go:42.27,43.29 1 0
github.com/mlibanori/go-netdicom/dimse/message_decoder.go:44.28,45.30 1 0
github.com/mlibanori/go-netdicom/dimse/message_decoder.go:46.26,47.28 1 0
github.com/mlibanori/go-netdicom/dimse/message_decoder.go:48.27,49.29 1 0
github.com/mlibanori/go-netdicom/dimse/message_decoder.go:50.27,51.29 1 0
github.com/mlibanori/go-netdicom/dimse/message_decoder.go:52.28,53.30 1 0
github.com/mlibanori/go-netdicom/dimse/message_decoder.go:54.27,55.29 1 0
github.com/mlibanori/go-netdicom/dimse/message_decoder.go:56.28,57.30 1 0
github.com/mlibanori/go-netdicom/dimse/message_decoder.go:58.10,59.69 1 0
github.com/mlibanori/go-netdicom/dimse/message_decoder.go:63.62,65.34 2 1
github.com/mlibanori/go-netdicom/dimse/message_decoder.go:65.34,67.3 1 1
github.com/mlibanori/go-netdicom/dimse/message_decoder.go:68.2,68.14 1 1
github.com/mlibanori/go-netdicom/dimse/message_decoder.go:71.60,73.16 2 0
github.com/mlibanori/go-netdicom/dimse/message_decoder.go:73.16,75.3 1 0
github.com/mlibanori/go-netdicom/dimse/message_decoder.go:76.2,78.16 3 0
github.com/mlibanori/go-netdicom/dimse/message_decoder.go:78.16,80.3 1 0
github.com/mlibanori/go-netdicom/dimse/message_decoder.go:81.2,81.15 1 0
github.com/mlibanori/go-netdicom/dimse/message_decoder.go:84.78,86.16 2 1
github.com/mlibanori/go-netdicom/dimse/message_decoder.go:86.16,88.3 1 0
github.com/mlibanori/go-netdicom/dimse/message_decoder.go:89.2,89.48 1 1
github.com/mlibanori/go-netdicom/dimse/message_decoder.go:92.98,94.17 2 1
github.com/mlibanori/go-netdicom/dimse/message_decoder.go:94.17,95.34 1 1
github.com/mlibanori/go-netdicom/dimse/message_decoder.go:95.34,97.4 1 0
github.com/mlibanori/go-netdicom/dimse/message_decoder.go:98.3,98.17 1 1
github.com/mlibanori/go-netdicom/dimse/message_decoder.go:100.2,100.23 1 1
github.com/mlibanori/go-netdicom/dimse/message_decoder.go:100.23,102.3 1 0
github.com/mlibanori/go-netdicom/dimse/message_decoder.go:103.2,104.21 2 1
github.com/mlibanori/go-netdicom/dimse/message_decoder.go:104.21,106.3 1 0
github.com/mlibanori/go-netdicom/dimse/message_decoder.go:107.2,108.9 2 1
github.com/mlibanori/go-netdicom/dimse/message_decoder.go:108.9,110.3 1 0
github.com/mlibanori/go-netdicom/dimse/message_decoder.go:111.2,111.17 1 1
github.com/mlibanori/go-netdicom/dimse/message_decoder.go:111.17,113.3 1 0
github.com/mlibanori/go-netdicom/dimse/message_decoder.go:114.2,115.18 2 1
github.com/mlibanori/go-netdicom/dimse/message_decoder.go:119.98,121.17 2 1
github.com/mlibanori/go-netdicom/dimse/message_decoder.go:121.17,122.34 1 1
github.com/mlibanori/go-netdicom/dimse/message_decoder.go:122.34,124.4 1 0
github.com/mlibanori/go-netdicom/dimse/message_decoder.go:125.3,125.16 1 1
github.com/mlibanori/go-netdicom/dimse/message_decoder.go:127.2,127.23 1 1
github.com/mlibanori/go-netdicom/dimse/message_decoder.go:127.23,129.3 1 0
github.com/mlibanori/go-netdicom/dimse/message_decoder.go:130.2,130.42 1 1
github.com/mlibanori/go-netdicom/dimse/message_decoder.go:130.42,132.3 1 0
github.com/mlibanori/go-netdicom/dimse/message_decoder.go:133.2,134.21 2 1
github.com/mlibanori/go-netdicom/dimse/message_decoder.go:134.21,136.3 1 0
github.com/mlibanori/go-netdicom/dimse/message_decoder.go:137.2,138.9 2 1
github.com/mlibanori/go-netdicom/dimse/message_decoder.go:138.9,140.3 1 0
github.com/mlibanori/go-netdicom/dimse/message_decoder.go:141.2,141.17 1 1
github.com/mlibanori/go-netdicom/dimse/message_decoder.go:141.17,143.3 1 0
github.com/mlibanori/go-netdicom/dimse/message_decoder.go:144.2,144.30 1 1
github.com/mlibanori/go-netdicom/dimse/message_decoder.go:144.30,146.3 1 0
github.com/mlibanori/go-netdicom/dimse/message_decoder.go:147.2,148.26 2 1
github.com/mlibanori/go-netdicom/dimse/status.go:57.57,59.16 2 0
github.com/mlibanori/go-netdicom/dimse/status.go:59.16,61.3 1 0
github.com/mlibanori/go-netdicom/dimse/status.go:62.2,63.26 2 0
github.com/mlibanori/go-netdicom/dimse/status.go:63.26,65.17 2 0
github.com/mlibanori/go-netdicom/dimse/status.go:65.17,67.4 1 0
github.com/mlibanori/go-netdicom/dimse/status.go:68.3,68.45 1 0
github.com/mlibanori/go-netdicom/dimse/status.go:70.2,70.19 1 0
github.com/mlibanori/go-netdicom/dimse/statuscode_string.go:29.37,30.39 1 1
github.com/mlibanori/go-netdicom/dimse/statuscode_string.go:30.39,32.3 1 1
github.com/mlibanori/go-netdicom/dimse/statuscode_string.go:33.2,33.41 1 0
